[{"QUERY PLAN":"Limit  (cost=1.76..26.50 rows=10 width=164) (actual time=0.176..0.252 rows=10 loops=1)"},{"QUERY PLAN":"  ->  Merge Append  (cost=1.76..34415488.52 rows=13912176 width=164) (actual time=0.175..0.250 rows=10 loops=1)"},{"QUERY PLAN":"        Sort Key: rs_2013_09.score DESC"},{"QUERY PLAN":"        ->  Index Scan using rs_2013_09_score_index on rs_2013_09  (cost=0.43..7674751.71 rows=3121163 width=164) (actual time=0.058..0.076 rows=3 loops=1)"},{"QUERY PLAN":"        ->  Index Scan using rs_2013_10_score_index on rs_2013_10  (cost=0.43..8527748.89 rows=3467225 width=165) (actual time=0.032..0.032 rows=1 loops=1)"},{"QUERY PLAN":"        ->  Index Scan using rs_2013_11_score_index on rs_2013_11  (cost=0.43..8660936.19 rows=3522378 width=165) (actual time=0.033..0.033 rows=1 loops=1)"},{"QUERY PLAN":"        ->  Index Scan using rs_2013_12_score_index on rs_2013_12  (cost=0.43..9343369.05 rows=3801410 width=163) (actual time=0.050..0.104 rows=8 loops=1)"},{"QUERY PLAN":"Planning Time: 0.192 ms"},{"QUERY PLAN":"Execution Time: 0.277 ms"}]
